FAILED
['Project Name Missing in Patch::3317', 'Construction actual date Missing in Patch::3317', 'Project Number Missing in Patch::3317']
FAILED